Determining if the pthread_create exist failed with the following output:
Change Dir: /home/user/Desktop/Studying/MIPT/term_5/raspreds/parall/Mipt-Term5-ParallelComputing/Task1/Summator/cmake-build-debug/CMakeFiles/CMakeTmp

Run Build Command:"/usr/bin/make" "cmTC_efd3a/fast"
/usr/bin/make -f CMakeFiles/cmTC_efd3a.dir/build.make CMakeFiles/cmTC_efd3a.dir/build
make[1]: Entering directory '/home/user/Desktop/Studying/MIPT/term_5/raspreds/parall/Mipt-Term5-ParallelComputing/Task1/Summator/cmake-build-debug/CMakeFiles/CMakeTmp'
Building C object CMakeFiles/cmTC_efd3a.dir/CheckSymbolExists.c.o
/usr/bin/cc    -o CMakeFiles/cmTC_efd3a.dir/CheckSymbolExists.c.o   -c /home/user/Desktop/Studying/MIPT/term_5/raspreds/parall/Mipt-Term5-ParallelComputing/Task1/Summator/cmake-build-debug/CMakeFiles/CMakeTmp/CheckSymbolExists.c
Linking C executable cmTC_efd3a
/home/user/IDE/clion-2018.2.4/bin/cmake/linux/bin/cmake -E cmake_link_script CMakeFiles/cmTC_efd3a.dir/link.txt --verbose=1
/usr/bin/cc      CMakeFiles/cmTC_efd3a.dir/CheckSymbolExists.c.o  -o cmTC_efd3a 
CMakeFiles/cmTC_efd3a.dir/CheckSymbolExists.c.o: In function `main':
CheckSymbolExists.c:(.text+0x1b): undefined reference to `pthread_create'
collect2: error: ld returned 1 exit status
CMakeFiles/cmTC_efd3a.dir/build.make:86: recipe for target 'cmTC_efd3a' failed
make[1]: *** [cmTC_efd3a] Error 1
make[1]: Leaving directory '/home/user/Desktop/Studying/MIPT/term_5/raspreds/parall/Mipt-Term5-ParallelComputing/Task1/Summator/cmake-build-debug/CMakeFiles/CMakeTmp'
Makefile:121: recipe for target 'cmTC_efd3a/fast' failed
make: *** [cmTC_efd3a/fast] Error 2

File /home/user/Desktop/Studying/MIPT/term_5/raspreds/parall/Mipt-Term5-ParallelComputing/Task1/Summator/cmake-build-debug/CMakeFiles/CMakeTmp/CheckSymbolExists.c:
/* */
#include <pthread.h>

int main(int argc, char** argv)
{
  (void)argv;
#ifndef pthread_create
  return ((int*)(&pthread_create))[argc];
#else
  (void)argc;
  return 0;
#endif
}

Determining if the function pthread_create exists in the pthreads failed with the following output:
Change Dir: /home/user/Desktop/Studying/MIPT/term_5/raspreds/parall/Mipt-Term5-ParallelComputing/Task1/Summator/cmake-build-debug/CMakeFiles/CMakeTmp

Run Build Command:"/usr/bin/make" "cmTC_88160/fast"
/usr/bin/make -f CMakeFiles/cmTC_88160.dir/build.make CMakeFiles/cmTC_88160.dir/build
make[1]: Entering directory '/home/user/Desktop/Studying/MIPT/term_5/raspreds/parall/Mipt-Term5-ParallelComputing/Task1/Summator/cmake-build-debug/CMakeFiles/CMakeTmp'
Building C object CMakeFiles/cmTC_88160.dir/CheckFunctionExists.c.o
/usr/bin/cc   -DCHECK_FUNCTION_EXISTS=pthread_create   -o CMakeFiles/cmTC_88160.dir/CheckFunctionExists.c.o   -c /home/user/IDE/clion-2018.2.4/bin/cmake/linux/share/cmake-3.12/Modules/CheckFunctionExists.c
Linking C executable cmTC_88160
/home/user/IDE/clion-2018.2.4/bin/cmake/linux/bin/cmake -E cmake_link_script CMakeFiles/cmTC_88160.dir/link.txt --verbose=1
/usr/bin/cc  -DCHECK_FUNCTION_EXISTS=pthread_create    CMakeFiles/cmTC_88160.dir/CheckFunctionExists.c.o  -o cmTC_88160 -lpthreads 
/usr/bin/ld: cannot find -lpthreads
collect2: error: ld returned 1 exit status
CMakeFiles/cmTC_88160.dir/build.make:86: recipe for target 'cmTC_88160' failed
make[1]: *** [cmTC_88160] Error 1
make[1]: Leaving directory '/home/user/Desktop/Studying/MIPT/term_5/raspreds/parall/Mipt-Term5-ParallelComputing/Task1/Summator/cmake-build-debug/CMakeFiles/CMakeTmp'
Makefile:121: recipe for target 'cmTC_88160/fast' failed
make: *** [cmTC_88160/fast] Error 2


